# JRE version: Java(TM) SE Runtime Environment (8.0_31-b13) (build 1.8.0_31-b13)
# Java VM: Java HotSpot(TM) 64-Bit Server VM (25.31-b07 mixed mode windows-amd64 compressed oops)
Heap:
 PSYoungGen      total 141824K, used 55908K [0x00000000d5c00000, 0x00000000e0700000, 0x0000000100000000)
  eden space 126976K, 32% used [0x00000000d5c00000,0x00000000d841f7f0,0x00000000dd800000)
  from space 14848K, 99% used [0x00000000dec80000,0x00000000dfaf9960,0x00000000dfb00000)
  to   space 20992K, 0% used [0x00000000dd800000,0x00000000dd800000,0x00000000dec80000)
 ParOldGen       total 87552K, used 53073K [0x0000000081400000, 0x0000000086980000, 0x00000000d5c00000)
  object space 87552K, 60% used [0x0000000081400000,0x00000000847d44b0,0x0000000086980000)
 Metaspace       used 14378K, capacity 14506K, committed 14848K, reserved 1062912K
  class space    used 1371K, capacity 1410K, committed 1536K, reserved 1048576K
GC Heap History (10 events):
Event: 5.430 GC heap before
{Heap before GC invocations=2 (full 0):
 PSYoungGen      total 38400K, used 37969K [0x00000000d5c00000, 0x00000000d8680000, 0x0000000100000000)
  eden space 33280K, 100% used [0x00000000d5c00000,0x00000000d7c80000,0x00000000d7c80000)
  from space 5120K, 91% used [0x00000000d7c80000,0x00000000d81146c0,0x00000000d8180000)
  to   space 5120K, 0% used [0x00000000d8180000,0x00000000d8180000,0x00000000d8680000)
 ParOldGen       total 87552K, used 0K [0x0000000081400000, 0x0000000086980000, 0x00000000d5c00000)
  object space 87552K, 0% used [0x0000000081400000,0x0000000081400000,0x0000000086980000)
 Metaspace       used 13472K, capacity 13664K, committed 13952K, reserved 1062912K
  class space    used 1317K, capacity 1371K, committed 1408K, reserved 1048576K
Event: 5.435 GC heap after
Heap after GC invocations=2 (full 0):
 PSYoungGen      total 38400K, used 5115K [0x00000000d5c00000, 0x00000000d8680000, 0x0000000100000000)
  eden space 33280K, 0% used [0x00000000d5c00000,0x00000000d5c00000,0x00000000d7c80000)
  from space 5120K, 99% used [0x00000000d8180000,0x00000000d867ef88,0x00000000d8680000)
  to   space 5120K, 0% used [0x00000000d7c80000,0x00000000d7c80000,0x00000000d8180000)
 ParOldGen       total 87552K, used 68K [0x0000000081400000, 0x0000000086980000, 0x00000000d5c00000)
  object space 87552K, 0% used [0x0000000081400000,0x0000000081411150,0x0000000086980000)
 Metaspace       used 13472K, capacity 13664K, committed 13952K, reserved 1062912K
  class space    used 1317K, capacity 1371K, committed 1408K, reserved 1048576K
}
Event: 5.487 GC heap before
{Heap before GC invocations=3 (full 0):
 PSYoungGen      total 38400K, used 38395K [0x00000000d5c00000, 0x00000000d8680000, 0x0000000100000000)
  eden space 33280K, 100% used [0x00000000d5c00000,0x00000000d7c80000,0x00000000d7c80000)
  from space 5120K, 99% used [0x00000000d8180000,0x00000000d867ef88,0x00000000d8680000)
  to   space 5120K, 0% used [0x00000000d7c80000,0x00000000d7c80000,0x00000000d8180000)
 ParOldGen       total 87552K, used 68K [0x0000000081400000, 0x0000000086980000, 0x00000000d5c00000)
  object space 87552K, 0% used [0x0000000081400000,0x0000000081411150,0x0000000086980000)
 Metaspace       used 13482K, capacity 13664K, committed 13952K, reserved 1062912K
  class space    used 1317K, capacity 1371K, committed 1408K, reserved 1048576K
Event: 5.491 GC heap after
Heap after GC invocations=3 (full 0):
 PSYoungGen      total 38400K, used 4339K [0x00000000d5c00000, 0x00000000da700000, 0x0000000100000000)
  eden space 33280K, 0% used [0x00000000d5c00000,0x00000000d5c00000,0x00000000d7c80000)
  from space 5120K, 84% used [0x00000000d7c80000,0x00000000d80bcd48,0x00000000d8180000)
  to   space 5120K, 0% used [0x00000000da200000,0x00000000da200000,0x00000000da700000)
 ParOldGen       total 87552K, used 76K [0x0000000081400000, 0x0000000086980000, 0x00000000d5c00000)
  object space 87552K, 0% used [0x0000000081400000,0x0000000081413150,0x0000000086980000)
 Metaspace       used 13482K, capacity 13664K, committed 13952K, reserved 1062912K
  class space    used 1317K, capacity 1371K, committed 1408K, reserved 1048576K
}
Event: 17.710 GC heap before
{Heap before GC invocations=4 (full 0):
 PSYoungGen      total 38400K, used 37619K [0x00000000d5c00000, 0x00000000da700000, 0x0000000100000000)
  eden space 33280K, 100% used [0x00000000d5c00000,0x00000000d7c80000,0x00000000d7c80000)
  from space 5120K, 84% used [0x00000000d7c80000,0x00000000d80bcd48,0x00000000d8180000)
  to   space 5120K, 0% used [0x00000000da200000,0x00000000da200000,0x00000000da700000)
 ParOldGen       total 87552K, used 33349K [0x0000000081400000, 0x0000000086980000, 0x00000000d5c00000)
  object space 87552K, 38% used [0x0000000081400000,0x0000000083491560,0x0000000086980000)
 Metaspace       used 14133K, capacity 14314K, committed 14592K, reserved 1062912K
  class space    used 1367K, capacity 1410K, committed 1536K, reserved 1048576K
Event: 17.716 GC heap after
Heap after GC invocations=4 (full 0):
 PSYoungGen      total 71680K, used 5107K [0x00000000d5c00000, 0x00000000da700000, 0x0000000100000000)
  eden space 66560K, 0% used [0x00000000d5c00000,0x00000000d5c00000,0x00000000d9d00000)
  from space 5120K, 99% used [0x00000000da200000,0x00000000da6fcd68,0x00000000da700000)
  to   space 5120K, 0% used [0x00000000d9d00000,0x00000000d9d00000,0x00000000da200000)
 ParOldGen       total 87552K, used 35888K [0x0000000081400000, 0x0000000086980000, 0x00000000d5c00000)
  object space 87552K, 40% used [0x0000000081400000,0x000000008370c3f0,0x0000000086980000)
 Metaspace       used 14133K, capacity 14314K, committed 14592K, reserved 1062912K
  class space    used 1367K, capacity 1410K, committed 1536K, reserved 1048576K
}
Event: 31.757 GC heap before
{Heap before GC invocations=5 (full 0):
 PSYoungGen      total 71680K, used 71667K [0x00000000d5c00000, 0x00000000da700000, 0x0000000100000000)
  eden space 66560K, 100% used [0x00000000d5c00000,0x00000000d9d00000,0x00000000d9d00000)
  from space 5120K, 99% used [0x00000000da200000,0x00000000da6fcd68,0x00000000da700000)
  to   space 5120K, 0% used [0x00000000d9d00000,0x00000000d9d00000,0x00000000da200000)
 ParOldGen       total 87552K, used 35888K [0x0000000081400000, 0x0000000086980000, 0x00000000d5c00000)
  object space 87552K, 40% used [0x0000000081400000,0x000000008370c3f0,0x0000000086980000)
 Metaspace       used 14253K, capacity 14442K, committed 14848K, reserved 1062912K
  class space    used 1367K, capacity 1410K, committed 1536K, reserved 1048576K
Event: 31.765 GC heap after
Heap after GC invocations=5 (full 0):
 PSYoungGen      total 71680K, used 5089K [0x00000000d5c00000, 0x00000000dfb00000, 0x0000000100000000)
  eden space 66560K, 0% used [0x00000000d5c00000,0x00000000d5c00000,0x00000000d9d00000)
  from space 5120K, 99% used [0x00000000d9d00000,0x00000000da1f8700,0x00000000da200000)
  to   space 14848K, 0% used [0x00000000dec80000,0x00000000dec80000,0x00000000dfb00000)
 ParOldGen       total 87552K, used 47220K [0x0000000081400000, 0x0000000086980000, 0x00000000d5c00000)
  object space 87552K, 53% used [0x0000000081400000,0x000000008421d2d0,0x0000000086980000)
 Metaspace       used 14253K, capacity 14442K, committed 14848K, reserved 1062912K
  class space    used 1367K, capacity 1410K, committed 1536K, reserved 1048576K
}
Event: 56.939 GC heap before
{Heap before GC invocations=6 (full 0):
 PSYoungGen      total 71680K, used 71649K [0x00000000d5c00000, 0x00000000dfb00000, 0x0000000100000000)
  eden space 66560K, 100% used [0x00000000d5c00000,0x00000000d9d00000,0x00000000d9d00000)
  from space 5120K, 99% used [0x00000000d9d00000,0x00000000da1f8700,0x00000000da200000)
  to   space 14848K, 0% used [0x00000000dec80000,0x00000000dec80000,0x00000000dfb00000)
 ParOldGen       total 87552K, used 47220K [0x0000000081400000, 0x0000000086980000, 0x00000000d5c00000)
  object space 87552K, 53% used [0x0000000081400000,0x000000008421d2d0,0x0000000086980000)
 Metaspace       used 14338K, capacity 14506K, committed 14848K, reserved 1062912K
  class space    used 1367K, capacity 1410K, committed 1536K, reserved 1048576K
Event: 56.947 GC heap after
Heap after GC invocations=6 (full 0):
 PSYoungGen      total 141824K, used 14822K [0x00000000d5c00000, 0x00000000e0700000, 0x0000000100000000)
  eden space 126976K, 0% used [0x00000000d5c00000,0x00000000d5c00000,0x00000000dd800000)
  from space 14848K, 99% used [0x00000000dec80000,0x00000000dfaf9960,0x00000000dfb00000)
  to   space 20992K, 0% used [0x00000000dd800000,0x00000000dd800000,0x00000000dec80000)
 ParOldGen       total 87552K, used 53073K [0x0000000081400000, 0x0000000086980000, 0x00000000d5c00000)
  object space 87552K, 60% used [0x0000000081400000,0x00000000847d44b0,0x0000000086980000)
 Metaspace       used 14338K, capacity 14506K, committed 14848K, reserved 1062912K
  class space    used 1367K, capacity 1410K, committed 1536K, reserved 1048576K
}

